C:\USERS\CHRIS\DOCUMENTS\VISUAL STUDIO 2012\PROJECTS\WIN32APP\WIN32APP\DEBUG\HELLOWORLDWIN32.OBJ
C:\USERS\CHRIS\DOCUMENTS\VISUAL STUDIO 2012\PROJECTS\WIN32APP\WIN32APP\DEBUG\VC110.PDB
C:\USERS\CHRIS\DOCUMENTS\VISUAL STUDIO 2012\PROJECTS\WIN32APP\DEBUG\WIN32APP.ILK
C:\USERS\CHRIS\DOCUMENTS\VISUAL STUDIO 2012\PROJECTS\WIN32APP\DEBUG\WIN32APP.EXE
C:\USERS\CHRIS\DOCUMENTS\VISUAL STUDIO 2012\PROJECTS\WIN32APP\DEBUG\WIN32APP.PDB
C:\Users\Chris\Documents\Visual Studio 2012\Projects\win32app\win32app\Debug\HelloWorldWin32.obj
C:\Users\Chris\Documents\Visual Studio 2012\Projects\win32app\win32app\Debug\cl.command.1.tlog
C:\Users\Chris\Documents\Visual Studio 2012\Projects\win32app\win32app\Debug\CL.read.1.tlog
C:\Users\Chris\Documents\Visual Studio 2012\Projects\win32app\win32app\Debug\CL.write.1.tlog
C:\Users\Chris\Documents\Visual Studio 2012\Projects\win32app\win32app\Debug\link-cvtres.read.1.tlog
C:\Users\Chris\Documents\Visual Studio 2012\Projects\win32app\win32app\Debug\link-cvtres.write.1.tlog
C:\Users\Chris\Documents\Visual Studio 2012\Projects\win32app\win32app\Debug\link-rc.read.1.tlog
C:\Users\Chris\Documents\Visual Studio 2012\Projects\win32app\win32app\Debug\link-rc.write.1.tlog
C:\Users\Chris\Documents\Visual Studio 2012\Projects\win32app\win32app\Debug\link.command.1.tlog
C:\Users\Chris\Documents\Visual Studio 2012\Projects\win32app\win32app\Debug\link.read.1.tlog
C:\Users\Chris\Documents\Visual Studio 2012\Projects\win32app\win32app\Debug\link.write.1.tlog
C:\Users\Chris\Documents\Visual Studio 2012\Projects\win32app\win32app\Debug\vc110.idb
C:\Users\Chris\Documents\Visual Studio 2012\Projects\win32app\win32app\Debug\vc110.pdb
C:\Users\Chris\Documents\Visual Studio 2012\Projects\win32app\Debug\win32app.pdb
C:\Users\Chris\Documents\Visual Studio 2012\Projects\win32app\Debug\win32app.exe
C:\Users\Chris\Documents\Visual Studio 2012\Projects\win32app\Debug\win32app.ilk
